<?xml version="1.0" encoding="UTF-8"?>
<testng-results ignored="0" total="1" passed="0" failed="1" skipped="0">
  <reporter-output>
  </reporter-output>
  <suite started-at="2021-07-25T15:41:35 IST" name="Default suite" finished-at="2021-07-25T15:41:43 IST" duration-ms="8134">
    <groups>
    </groups>
    <test started-at="2021-07-25T15:41:35 IST" name="Default test" finished-at="2021-07-25T15:41:43 IST" duration-ms="8134">
      <class name="com.crm.hubspot.TestScript.loginToTheApplication">
        <test-method is-config="true" signature="setup()[pri:0, instance:com.crm.hubspot.TestScript.loginToTheApplication@55b53d44]" started-at="2021-07-25T15:41:31 IST" name="setup" finished-at="2021-07-25T15:41:35 IST" duration-ms="3998" status="PASS">
          <reporter-output>
          </reporter-output>
        </test-method> <!-- setup -->
        <test-method is-config="true" signature="navigateToBrowser()[pri:0, instance:com.crm.hubspot.TestScript.loginToTheApplication@55b53d44]" started-at="2021-07-25T15:41:35 IST" name="navigateToBrowser" finished-at="2021-07-25T15:41:39 IST" duration-ms="3780" status="PASS">
          <reporter-output>
          </reporter-output>
        </test-method> <!-- navigateToBrowser -->
        <test-method is-config="true" signature="init()[pri:0, instance:com.crm.hubspot.TestScript.loginToTheApplication@55b53d44]" started-at="2021-07-25T15:41:39 IST" name="init" finished-at="2021-07-25T15:41:39 IST" duration-ms="0" status="PASS">
          <reporter-output>
          </reporter-output>
        </test-method> <!-- init -->
        <test-method signature="loginToTheApplication()[pri:0, instance:com.crm.hubspot.TestScript.loginToTheApplication@55b53d44]" started-at="2021-07-25T15:41:39 IST" name="loginToTheApplication" finished-at="2021-07-25T15:41:43 IST" duration-ms="4323" status="FAIL">
          <exception class="java.lang.RuntimeException">
            <message>
              <![CDATA[java.lang.InstantiationException: com.crm.hubspot.Pages.HomePage]]>
            </message>
            <full-stacktrace>
              <![CDATA[java.lang.RuntimeException: java.lang.InstantiationException: com.crm.hubspot.Pages.HomePage
at org.openqa.selenium.support.PageFactory.instantiatePage(PageFactory.java:134)
at org.openqa.selenium.support.PageFactory.initElements(PageFactory.java:64)
at com.crm.hubspot.Utils.TestBase.loginToTheApplication(TestBase.java:54)
at com.crm.hubspot.TestScript.loginToTheApplication.loginToTheApplication(loginToTheApplication.java:22)
at java.base/jdk.internal.reflect.NativeMethodAccessorImpl.invoke0(Native Method)
at java.base/jdk.internal.reflect.NativeMethodAccessorImpl.invoke(NativeMethodAccessorImpl.java:64)
at java.base/jdk.internal.reflect.DelegatingMethodAccessorImpl.invoke(DelegatingMethodAccessorImpl.java:43)
at java.base/java.lang.reflect.Method.invoke(Method.java:564)
at org.testng.internal.MethodInvocationHelper.invokeMethod(MethodInvocationHelper.java:134)
at org.testng.internal.TestInvoker.invokeMethod(TestInvoker.java:597)
at org.testng.internal.TestInvoker.invokeTestMethod(TestInvoker.java:173)
at org.testng.internal.MethodRunner.runInSequence(MethodRunner.java:46)
at org.testng.internal.TestInvoker$MethodInvocationAgent.invoke(TestInvoker.java:816)
at org.testng.internal.TestInvoker.invokeTestMethods(TestInvoker.java:146)
at org.testng.internal.TestMethodWorker.invokeTestMethods(TestMethodWorker.java:146)
at org.testng.internal.TestMethodWorker.run(TestMethodWorker.java:128)
at java.base/java.util.ArrayList.forEach(ArrayList.java:1511)
at org.testng.TestRunner.privateRun(TestRunner.java:766)
at org.testng.TestRunner.run(TestRunner.java:587)
at org.testng.SuiteRunner.runTest(SuiteRunner.java:384)
at org.testng.SuiteRunner.runSequentially(SuiteRunner.java:378)
at org.testng.SuiteRunner.privateRun(SuiteRunner.java:337)
at org.testng.SuiteRunner.run(SuiteRunner.java:286)
at org.testng.SuiteRunnerWorker.runSuite(SuiteRunnerWorker.java:53)
at org.testng.SuiteRunnerWorker.run(SuiteRunnerWorker.java:96)
at org.testng.TestNG.runSuitesSequentially(TestNG.java:1187)
at org.testng.TestNG.runSuitesLocally(TestNG.java:1109)
at org.testng.TestNG.runSuites(TestNG.java:1039)
at org.testng.TestNG.run(TestNG.java:1007)
at org.testng.remote.AbstractRemoteTestNG.run(AbstractRemoteTestNG.java:115)
at org.testng.remote.RemoteTestNG.initAndRun(RemoteTestNG.java:251)
at org.testng.remote.RemoteTestNG.main(RemoteTestNG.java:77)
Caused by: java.lang.InstantiationException: com.crm.hubspot.Pages.HomePage
at java.base/java.lang.Class.newInstance(Class.java:639)
at org.openqa.selenium.support.PageFactory.instantiatePage(PageFactory.java:131)
... 31 more
Caused by: java.lang.NoSuchMethodException: com.crm.hubspot.Pages.HomePage.<init>()
at java.base/java.lang.Class.getConstructor0(Class.java:3508)
at java.base/java.lang.Class.newInstance(Class.java:626)
... 32 more
]]>
            </full-stacktrace>
          </exception> <!-- java.lang.RuntimeException -->
          <reporter-output>
          </reporter-output>
        </test-method> <!-- loginToTheApplication -->
      </class> <!-- com.crm.hubspot.TestScript.loginToTheApplication -->
    </test> <!-- Default test -->
  </suite> <!-- Default suite -->
</testng-results>
