<?xml version="1.0" encoding="UTF-8"?>
<!-- Generated by org.testng.reporters.JUnitReportReporter -->
<testsuite hostname="Anurag-Dubey-LP" failures="0" tests="1" name="com.crm.hubspot.TestScript.loginToTheApplication" time="4.323" errors="1" timestamp="2021-07-25T15:41:43 IST" skipped="0">
  <testcase classname="com.crm.hubspot.TestScript.loginToTheApplication" name="loginToTheApplication" time="4.323">
    <error message="java.lang.InstantiationException: com.crm.hubspot.Pages.HomePage" type="java.lang.RuntimeException">
      <![CDATA[java.lang.RuntimeException: java.lang.InstantiationException: com.crm.hubspot.Pages.HomePage
at org.openqa.selenium.support.PageFactory.instantiatePage(PageFactory.java:134)
at org.openqa.selenium.support.PageFactory.initElements(PageFactory.java:64)
at com.crm.hubspot.Utils.TestBase.loginToTheApplication(TestBase.java:54)
at com.crm.hubspot.TestScript.loginToTheApplication.loginToTheApplication(loginToTheApplication.java:22)
at java.base/jdk.internal.reflect.NativeMethodAccessorImpl.invoke0(Native Method)
at java.base/jdk.internal.reflect.NativeMethodAccessorImpl.invoke(NativeMethodAccessorImpl.java:64)
at java.base/jdk.internal.reflect.DelegatingMethodAccessorImpl.invoke(DelegatingMethodAccessorImpl.java:43)
at java.base/java.lang.reflect.Method.invoke(Method.java:564)
at org.testng.internal.MethodInvocationHelper.invokeMethod(MethodInvocationHelper.java:134)
at org.testng.internal.TestInvoker.invokeMethod(TestInvoker.java:597)
at org.testng.internal.TestInvoker.invokeTestMethod(TestInvoker.java:173)
at org.testng.internal.MethodRunner.runInSequence(MethodRunner.java:46)
at org.testng.internal.TestInvoker$MethodInvocationAgent.invoke(TestInvoker.java:816)
at org.testng.internal.TestInvoker.invokeTestMethods(TestInvoker.java:146)
at org.testng.internal.TestMethodWorker.invokeTestMethods(TestMethodWorker.java:146)
at org.testng.internal.TestMethodWorker.run(TestMethodWorker.java:128)
at java.base/java.util.ArrayList.forEach(ArrayList.java:1511)
at org.testng.TestRunner.privateRun(TestRunner.java:766)
at org.testng.TestRunner.run(TestRunner.java:587)
at org.testng.SuiteRunner.runTest(SuiteRunner.java:384)
at org.testng.SuiteRunner.runSequentially(SuiteRunner.java:378)
at org.testng.SuiteRunner.privateRun(SuiteRunner.java:337)
at org.testng.SuiteRunner.run(SuiteRunner.java:286)
at org.testng.SuiteRunnerWorker.runSuite(SuiteRunnerWorker.java:53)
at org.testng.SuiteRunnerWorker.run(SuiteRunnerWorker.java:96)
at org.testng.TestNG.runSuitesSequentially(TestNG.java:1187)
at org.testng.TestNG.runSuitesLocally(TestNG.java:1109)
at org.testng.TestNG.runSuites(TestNG.java:1039)
at org.testng.TestNG.run(TestNG.java:1007)
at org.testng.remote.AbstractRemoteTestNG.run(AbstractRemoteTestNG.java:115)
at org.testng.remote.RemoteTestNG.initAndRun(RemoteTestNG.java:251)
at org.testng.remote.RemoteTestNG.main(RemoteTestNG.java:77)
Caused by: java.lang.InstantiationException: com.crm.hubspot.Pages.HomePage
at java.base/java.lang.Class.newInstance(Class.java:639)
at org.openqa.selenium.support.PageFactory.instantiatePage(PageFactory.java:131)
... 31 more
Caused by: java.lang.NoSuchMethodException: com.crm.hubspot.Pages.HomePage.<init>()
at java.base/java.lang.Class.getConstructor0(Class.java:3508)
at java.base/java.lang.Class.newInstance(Class.java:626)
... 32 more
]]>
    </error>
  </testcase> <!-- loginToTheApplication -->
  <system-out/>
</testsuite> <!-- com.crm.hubspot.TestScript.loginToTheApplication -->
